<?xml version="1.0" encoding="UTF-8" ?>
<testsuite tests="2" failures="0" name="pk1.TestRunner" time="3.32" errors="2" skipped="0">
  <properties>
[...]
</properties>
  <testcase classname="orangehrm" name="multiple products #1" time="1.848">
    <error message="session not created: This version of ChromeDriver only supports Chrome version 136
Current browser version is 139.0.7258.128 with binary path C:\Program Files\Google\Chrome\Application\chrome.exe
Build info: version: &apos;3.7.0&apos;, revision: &apos;2321c73&apos;, time: &apos;2017-11-02T22:22:35.584Z&apos;
System info: host: &apos;DESKTOP-ILML59F&apos;, ip: &apos;192.168.29.15&apos;, os.name: &apos;Windows 10&apos;, os.arch: &apos;amd64&apos;, os.version: &apos;10.0&apos;, java.version: &apos;16.0.2&apos;
Driver info: driver.version: ChromeDriver
remote stacktrace: 	GetHandleVerifier [0x00007FF7EB4ACF65+75717]
	GetHandleVerifier [0x00007FF7EB4ACFC0+75808]
	(No symbol) [0x00007FF7EB278F9A]
	(No symbol) [0x00007FF7EB2BD1DF]
	(No symbol) [0x00007FF7EB2BC22B]
	(No symbol) [0x00007FF7EB2B6518]
	(No symbol) [0x00007FF7EB2B1ADD]
	(No symbol) [0x00007FF7EB3052D8]
	(No symbol) [0x00007FF7EB3048B0]
	(No symbol) [0x00007FF7EB2F7153]
	(No symbol) [0x00007FF7EB2C0421]
	(No symbol) [0x00007FF7EB2C11B3]
	GetHandleVerifier [0x00007FF7EB7AD74D+3223469]
	GetHandleVerifier [0x00007FF7EB7A7CF2+3200338]
	GetHandleVerifier [0x00007FF7EB7C5B23+3322755]
	GetHandleVerifier [0x00007FF7EB4C6A3A+180890]
	GetHandleVerifier [0x00007FF7EB4CE13F+211359]
	GetHandleVerifier [0x00007FF7EB4B52B4+109332]
	GetHandleVerifier [0x00007FF7EB4B5462+109762]
	GetHandleVerifier [0x00007FF7EB49BA79+4825]
	BaseThreadInitThunk [0x00007FFF02E2E8D7+23]
	RtlUserThreadStart [0x00007FFF0375C34C+44]
" type="org.openqa.selenium.SessionNotCreatedException">org.openqa.selenium.SessionNotCreatedException: session not created: This version of ChromeDriver only supports Chrome version 136
Current browser version is 139.0.7258.128 with binary path C:\Program Files\Google\Chrome\Application\chrome.exe
Build info: version: &apos;3.7.0&apos;, revision: &apos;2321c73&apos;, time: &apos;2017-11-02T22:22:35.584Z&apos;
System info: host: &apos;DESKTOP-ILML59F&apos;, ip: &apos;192.168.29.15&apos;, os.name: &apos;Windows 10&apos;, os.arch: &apos;amd64&apos;, os.version: &apos;10.0&apos;, java.version: &apos;16.0.2&apos;
Driver info: driver.version: ChromeDriver
remote stacktrace: 	GetHandleVerifier [0x00007FF7EB4ACF65+75717]
	GetHandleVerifier [0x00007FF7EB4ACFC0+75808]
	(No symbol) [0x00007FF7EB278F9A]
	(No symbol) [0x00007FF7EB2BD1DF]
	(No symbol) [0x00007FF7EB2BC22B]
	(No symbol) [0x00007FF7EB2B6518]
	(No symbol) [0x00007FF7EB2B1ADD]
	(No symbol) [0x00007FF7EB3052D8]
	(No symbol) [0x00007FF7EB3048B0]
	(No symbol) [0x00007FF7EB2F7153]
	(No symbol) [0x00007FF7EB2C0421]
	(No symbol) [0x00007FF7EB2C11B3]
	GetHandleVerifier [0x00007FF7EB7AD74D+3223469]
	GetHandleVerifier [0x00007FF7EB7A7CF2+3200338]
	GetHandleVerifier [0x00007FF7EB7C5B23+3322755]
	GetHandleVerifier [0x00007FF7EB4C6A3A+180890]
	GetHandleVerifier [0x00007FF7EB4CE13F+211359]
	GetHandleVerifier [0x00007FF7EB4B52B4+109332]
	GetHandleVerifier [0x00007FF7EB4B5462+109762]
	GetHandleVerifier [0x00007FF7EB49BA79+4825]
	BaseThreadInitThunk [0x00007FFF02E2E8D7+23]
	RtlUserThreadStart [0x00007FFF0375C34C+44]

	at java.base/jdk.internal.reflect.NativeConstructorAccessorImpl.newInstance0(Native Method)
	at java.base/jdk.internal.reflect.NativeConstructorAccessorImpl.newInstance(NativeConstructorAccessorImpl.java:78)
	at java.base/jdk.internal.reflect.DelegatingConstructorAccessorImpl.newInstance(DelegatingConstructorAccessorImpl.java:45)
	at java.base/java.lang.reflect.Constructor.newInstanceWithCaller(Constructor.java:499)
	at java.base/java.lang.reflect.Constructor.newInstance(Constructor.java:480)
	at org.openqa.selenium.remote.W3CHandshakeResponse.lambda$new$0(W3CHandshakeResponse.java:57)
	at org.openqa.selenium.remote.W3CHandshakeResponse.lambda$getResponseFunction$2(W3CHandshakeResponse.java:104)
	at org.openqa.selenium.remote.ProtocolHandshake.lambda$createSession$0(ProtocolHandshake.java:123)
	at java.base/java.util.stream.ReferencePipeline$3$1.accept(ReferencePipeline.java:197)
	at java.base/java.util.Spliterators$ArraySpliterator.tryAdvance(Spliterators.java:958)
	at java.base/java.util.stream.ReferencePipeline.forEachWithCancel(ReferencePipeline.java:129)
	at java.base/java.util.stream.AbstractPipeline.copyIntoWithCancel(AbstractPipeline.java:502)
	at java.base/java.util.stream.AbstractPipeline.copyInto(AbstractPipeline.java:488)
	at java.base/java.util.stream.AbstractPipeline.wrapAndCopyInto(AbstractPipeline.java:474)
	at java.base/java.util.stream.FindOps$FindOp.evaluateSequential(FindOps.java:150)
	at java.base/java.util.stream.AbstractPipeline.evaluate(AbstractPipeline.java:234)
	at java.base/java.util.stream.ReferencePipeline.findFirst(ReferencePipeline.java:647)
	at org.openqa.selenium.remote.ProtocolHandshake.createSession(ProtocolHandshake.java:126)
	at org.openqa.selenium.remote.ProtocolHandshake.createSession(ProtocolHandshake.java:73)
	at org.openqa.selenium.remote.HttpCommandExecutor.execute(HttpCommandExecutor.java:142)
	at org.openqa.selenium.remote.service.DriverCommandExecutor.execute(DriverCommandExecutor.java:83)
	at org.openqa.selenium.remote.RemoteWebDriver.execute(RemoteWebDriver.java:600)
	at org.openqa.selenium.remote.RemoteWebDriver.startSession(RemoteWebDriver.java:219)
	at org.openqa.selenium.remote.RemoteWebDriver.&lt;init&gt;(RemoteWebDriver.java:142)
	at org.openqa.selenium.chrome.ChromeDriver.&lt;init&gt;(ChromeDriver.java:181)
	at org.openqa.selenium.chrome.ChromeDriver.&lt;init&gt;(ChromeDriver.java:168)
	at org.openqa.selenium.chrome.ChromeDriver.&lt;init&gt;(ChromeDriver.java:123)
	at pk1.Demotest.mygivenlogin(Demotest.java:25)
	at ✽.user is Login page(file:///C:/Users/PRITI/Documents/Automation%20Test/bddfinal-main/bddfinal-main/src/test/resources/features/demo.feature:16)
</error>
    <system-out>
@sanity
Scenario Outline: multiple products    # src/test/resources/features/demo.feature:23
inside given
  Given user is Login page             # pk1.Demotest.mygivenlogin()
      org.openqa.selenium.SessionNotCreatedException: session not created: This version of ChromeDriver only supports Chrome version 136
Current browser version is 139.0.7258.128 with binary path C:\Program Files\Google\Chrome\Application\chrome.exe
Build info: version: &apos;3.7.0&apos;, revision: &apos;2321c73&apos;, time: &apos;2017-11-02T22:22:35.584Z&apos;
System info: host: &apos;DESKTOP-ILML59F&apos;, ip: &apos;192.168.29.15&apos;, os.name: &apos;Windows 10&apos;, os.arch: &apos;amd64&apos;, os.version: &apos;10.0&apos;, java.version: &apos;16.0.2&apos;
Driver info: driver.version: ChromeDriver
remote stacktrace: 	GetHandleVerifier [0x00007FF7EB4ACF65+75717]
	GetHandleVerifier [0x00007FF7EB4ACFC0+75808]
	(No symbol) [0x00007FF7EB278F9A]
	(No symbol) [0x00007FF7EB2BD1DF]
	(No symbol) [0x00007FF7EB2BC22B]
	(No symbol) [0x00007FF7EB2B6518]
	(No symbol) [0x00007FF7EB2B1ADD]
	(No symbol) [0x00007FF7EB3052D8]
	(No symbol) [0x00007FF7EB3048B0]
	(No symbol) [0x00007FF7EB2F7153]
	(No symbol) [0x00007FF7EB2C0421]
	(No symbol) [0x00007FF7EB2C11B3]
	GetHandleVerifier [0x00007FF7EB7AD74D+3223469]
	GetHandleVerifier [0x00007FF7EB7A7CF2+3200338]
	GetHandleVerifier [0x00007FF7EB7C5B23+3322755]
	GetHandleVerifier [0x00007FF7EB4C6A3A+180890]
	GetHandleVerifier [0x00007FF7EB4CE13F+211359]
	GetHandleVerifier [0x00007FF7EB4B52B4+109332]
	GetHandleVerifier [0x00007FF7EB4B5462+109762]
	GetHandleVerifier [0x00007FF7EB49BA79+4825]
	BaseThreadInitThunk [0x00007FFF02E2E8D7+23]
	RtlUserThreadStart [0x00007FFF0375C34C+44]

	at java.base/jdk.internal.reflect.NativeConstructorAccessorImpl.newInstance0(Native Method)
	at java.base/jdk.internal.reflect.NativeConstructorAccessorImpl.newInstance(NativeConstructorAccessorImpl.java:78)
	at java.base/jdk.internal.reflect.DelegatingConstructorAccessorImpl.newInstance(DelegatingConstructorAccessorImpl.java:45)
	at java.base/java.lang.reflect.Constructor.newInstanceWithCaller(Constructor.java:499)
	at java.base/java.lang.reflect.Constructor.newInstance(Constructor.java:480)
	at org.openqa.selenium.remote.W3CHandshakeResponse.lambda$new$0(W3CHandshakeResponse.java:57)
	at org.openqa.selenium.remote.W3CHandshakeResponse.lambda$getResponseFunction$2(W3CHandshakeResponse.java:104)
	at org.openqa.selenium.remote.ProtocolHandshake.lambda$createSession$0(ProtocolHandshake.java:123)
	at java.base/java.util.stream.ReferencePipeline$3$1.accept(ReferencePipeline.java:197)
	at java.base/java.util.Spliterators$ArraySpliterator.tryAdvance(Spliterators.java:958)
	at java.base/java.util.stream.ReferencePipeline.forEachWithCancel(ReferencePipeline.java:129)
	at java.base/java.util.stream.AbstractPipeline.copyIntoWithCancel(AbstractPipeline.java:502)
	at java.base/java.util.stream.AbstractPipeline.copyInto(AbstractPipeline.java:488)
	at java.base/java.util.stream.AbstractPipeline.wrapAndCopyInto(AbstractPipeline.java:474)
	at java.base/java.util.stream.FindOps$FindOp.evaluateSequential(FindOps.java:150)
	at java.base/java.util.stream.AbstractPipeline.evaluate(AbstractPipeline.java:234)
	at java.base/java.util.stream.ReferencePipeline.findFirst(ReferencePipeline.java:647)
	at org.openqa.selenium.remote.ProtocolHandshake.createSession(ProtocolHandshake.java:126)
	at org.openqa.selenium.remote.ProtocolHandshake.createSession(ProtocolHandshake.java:73)
	at org.openqa.selenium.remote.HttpCommandExecutor.execute(HttpCommandExecutor.java:142)
	at org.openqa.selenium.remote.service.DriverCommandExecutor.execute(DriverCommandExecutor.java:83)
	at org.openqa.selenium.remote.RemoteWebDriver.execute(RemoteWebDriver.java:600)
	at org.openqa.selenium.remote.RemoteWebDriver.startSession(RemoteWebDriver.java:219)
	at org.openqa.selenium.remote.RemoteWebDriver.&lt;init&gt;(RemoteWebDriver.java:142)
	at org.openqa.selenium.chrome.ChromeDriver.&lt;init&gt;(ChromeDriver.java:181)
	at org.openqa.selenium.chrome.ChromeDriver.&lt;init&gt;(ChromeDriver.java:168)
	at org.openqa.selenium.chrome.ChromeDriver.&lt;init&gt;(ChromeDriver.java:123)
	at pk1.Demotest.mygivenlogin(Demotest.java:25)
	at âœ½.user is Login page(file:///C:/Users/PRITI/Documents/Automation%20Test/bddfinal-main/bddfinal-main/src/test/resources/features/demo.feature:16)

  When user enter credentials          # pk1.Demotest.mywhencredentials()
  Then home page should be displayed   # pk1.Demotest.homepage()
  Then add &quot;Nokia lumia 1520&quot; to carts # pk1.Demotest.addmob_fromexample(java.lang.String)
</system-out>
    <system-err>SLF4J(W): No SLF4J providers were found.
SLF4J(W): Defaulting to no-operation (NOP) logger implementation
SLF4J(W): See https://www.slf4j.org/codes.html#noProviders for further details.
Starting ChromeDriver 136.0.7103.94 (fa0be0b33debeb378a8e6ad9c599be34e2dc3b37-refs/branch-heads/7103@{#1842}) on port 20094
Only local connections are allowed.
Please see https://chromedriver.chromium.org/security-considerations for suggestions on keeping ChromeDriver safe.
ChromeDriver was started successfully on port 20094.
</system-err>
  </testcase>
  <testcase classname="orangehrm" name="multiple products #2" time="1.472">
    <error message="session not created: This version of ChromeDriver only supports Chrome version 136
Current browser version is 139.0.7258.128 with binary path C:\Program Files\Google\Chrome\Application\chrome.exe
Build info: version: &apos;3.7.0&apos;, revision: &apos;2321c73&apos;, time: &apos;2017-11-02T22:22:35.584Z&apos;
System info: host: &apos;DESKTOP-ILML59F&apos;, ip: &apos;192.168.29.15&apos;, os.name: &apos;Windows 10&apos;, os.arch: &apos;amd64&apos;, os.version: &apos;10.0&apos;, java.version: &apos;16.0.2&apos;
Driver info: driver.version: ChromeDriver
remote stacktrace: 	GetHandleVerifier [0x00007FF7EB4ACF65+75717]
	GetHandleVerifier [0x00007FF7EB4ACFC0+75808]
	(No symbol) [0x00007FF7EB278F9A]
	(No symbol) [0x00007FF7EB2BD1DF]
	(No symbol) [0x00007FF7EB2BC22B]
	(No symbol) [0x00007FF7EB2B6518]
	(No symbol) [0x00007FF7EB2B1ADD]
	(No symbol) [0x00007FF7EB3052D8]
	(No symbol) [0x00007FF7EB3048B0]
	(No symbol) [0x00007FF7EB2F7153]
	(No symbol) [0x00007FF7EB2C0421]
	(No symbol) [0x00007FF7EB2C11B3]
	GetHandleVerifier [0x00007FF7EB7AD74D+3223469]
	GetHandleVerifier [0x00007FF7EB7A7CF2+3200338]
	GetHandleVerifier [0x00007FF7EB7C5B23+3322755]
	GetHandleVerifier [0x00007FF7EB4C6A3A+180890]
	GetHandleVerifier [0x00007FF7EB4CE13F+211359]
	GetHandleVerifier [0x00007FF7EB4B52B4+109332]
	GetHandleVerifier [0x00007FF7EB4B5462+109762]
	GetHandleVerifier [0x00007FF7EB49BA79+4825]
	BaseThreadInitThunk [0x00007FFF02E2E8D7+23]
	RtlUserThreadStart [0x00007FFF0375C34C+44]
" type="org.openqa.selenium.SessionNotCreatedException">org.openqa.selenium.SessionNotCreatedException: session not created: This version of ChromeDriver only supports Chrome version 136
Current browser version is 139.0.7258.128 with binary path C:\Program Files\Google\Chrome\Application\chrome.exe
Build info: version: &apos;3.7.0&apos;, revision: &apos;2321c73&apos;, time: &apos;2017-11-02T22:22:35.584Z&apos;
System info: host: &apos;DESKTOP-ILML59F&apos;, ip: &apos;192.168.29.15&apos;, os.name: &apos;Windows 10&apos;, os.arch: &apos;amd64&apos;, os.version: &apos;10.0&apos;, java.version: &apos;16.0.2&apos;
Driver info: driver.version: ChromeDriver
remote stacktrace: 	GetHandleVerifier [0x00007FF7EB4ACF65+75717]
	GetHandleVerifier [0x00007FF7EB4ACFC0+75808]
	(No symbol) [0x00007FF7EB278F9A]
	(No symbol) [0x00007FF7EB2BD1DF]
	(No symbol) [0x00007FF7EB2BC22B]
	(No symbol) [0x00007FF7EB2B6518]
	(No symbol) [0x00007FF7EB2B1ADD]
	(No symbol) [0x00007FF7EB3052D8]
	(No symbol) [0x00007FF7EB3048B0]
	(No symbol) [0x00007FF7EB2F7153]
	(No symbol) [0x00007FF7EB2C0421]
	(No symbol) [0x00007FF7EB2C11B3]
	GetHandleVerifier [0x00007FF7EB7AD74D+3223469]
	GetHandleVerifier [0x00007FF7EB7A7CF2+3200338]
	GetHandleVerifier [0x00007FF7EB7C5B23+3322755]
	GetHandleVerifier [0x00007FF7EB4C6A3A+180890]
	GetHandleVerifier [0x00007FF7EB4CE13F+211359]
	GetHandleVerifier [0x00007FF7EB4B52B4+109332]
	GetHandleVerifier [0x00007FF7EB4B5462+109762]
	GetHandleVerifier [0x00007FF7EB49BA79+4825]
	BaseThreadInitThunk [0x00007FFF02E2E8D7+23]
	RtlUserThreadStart [0x00007FFF0375C34C+44]

	at java.base/jdk.internal.reflect.NativeConstructorAccessorImpl.newInstance0(Native Method)
	at java.base/jdk.internal.reflect.NativeConstructorAccessorImpl.newInstance(NativeConstructorAccessorImpl.java:78)
	at java.base/jdk.internal.reflect.DelegatingConstructorAccessorImpl.newInstance(DelegatingConstructorAccessorImpl.java:45)
	at java.base/java.lang.reflect.Constructor.newInstanceWithCaller(Constructor.java:499)
	at java.base/java.lang.reflect.Constructor.newInstance(Constructor.java:480)
	at org.openqa.selenium.remote.W3CHandshakeResponse.lambda$new$0(W3CHandshakeResponse.java:57)
	at org.openqa.selenium.remote.W3CHandshakeResponse.lambda$getResponseFunction$2(W3CHandshakeResponse.java:104)
	at org.openqa.selenium.remote.ProtocolHandshake.lambda$createSession$0(ProtocolHandshake.java:123)
	at java.base/java.util.stream.ReferencePipeline$3$1.accept(ReferencePipeline.java:197)
	at java.base/java.util.Spliterators$ArraySpliterator.tryAdvance(Spliterators.java:958)
	at java.base/java.util.stream.ReferencePipeline.forEachWithCancel(ReferencePipeline.java:129)
	at java.base/java.util.stream.AbstractPipeline.copyIntoWithCancel(AbstractPipeline.java:502)
	at java.base/java.util.stream.AbstractPipeline.copyInto(AbstractPipeline.java:488)
	at java.base/java.util.stream.AbstractPipeline.wrapAndCopyInto(AbstractPipeline.java:474)
	at java.base/java.util.stream.FindOps$FindOp.evaluateSequential(FindOps.java:150)
	at java.base/java.util.stream.AbstractPipeline.evaluate(AbstractPipeline.java:234)
	at java.base/java.util.stream.ReferencePipeline.findFirst(ReferencePipeline.java:647)
	at org.openqa.selenium.remote.ProtocolHandshake.createSession(ProtocolHandshake.java:126)
	at org.openqa.selenium.remote.ProtocolHandshake.createSession(ProtocolHandshake.java:73)
	at org.openqa.selenium.remote.HttpCommandExecutor.execute(HttpCommandExecutor.java:142)
	at org.openqa.selenium.remote.service.DriverCommandExecutor.execute(DriverCommandExecutor.java:83)
	at org.openqa.selenium.remote.RemoteWebDriver.execute(RemoteWebDriver.java:600)
	at org.openqa.selenium.remote.RemoteWebDriver.startSession(RemoteWebDriver.java:219)
	at org.openqa.selenium.remote.RemoteWebDriver.&lt;init&gt;(RemoteWebDriver.java:142)
	at org.openqa.selenium.chrome.ChromeDriver.&lt;init&gt;(ChromeDriver.java:181)
	at org.openqa.selenium.chrome.ChromeDriver.&lt;init&gt;(ChromeDriver.java:168)
	at org.openqa.selenium.chrome.ChromeDriver.&lt;init&gt;(ChromeDriver.java:123)
	at pk1.Demotest.mygivenlogin(Demotest.java:25)
	at ✽.user is Login page(file:///C:/Users/PRITI/Documents/Automation%20Test/bddfinal-main/bddfinal-main/src/test/resources/features/demo.feature:16)
</error>
    <system-out>
@sanity
Scenario Outline: multiple products  # src/test/resources/features/demo.feature:24
inside given
  Given user is Login page           # pk1.Demotest.mygivenlogin()
      org.openqa.selenium.SessionNotCreatedException: session not created: This version of ChromeDriver only supports Chrome version 136
Current browser version is 139.0.7258.128 with binary path C:\Program Files\Google\Chrome\Application\chrome.exe
Build info: version: &apos;3.7.0&apos;, revision: &apos;2321c73&apos;, time: &apos;2017-11-02T22:22:35.584Z&apos;
System info: host: &apos;DESKTOP-ILML59F&apos;, ip: &apos;192.168.29.15&apos;, os.name: &apos;Windows 10&apos;, os.arch: &apos;amd64&apos;, os.version: &apos;10.0&apos;, java.version: &apos;16.0.2&apos;
Driver info: driver.version: ChromeDriver
remote stacktrace: 	GetHandleVerifier [0x00007FF7EB4ACF65+75717]
	GetHandleVerifier [0x00007FF7EB4ACFC0+75808]
	(No symbol) [0x00007FF7EB278F9A]
	(No symbol) [0x00007FF7EB2BD1DF]
	(No symbol) [0x00007FF7EB2BC22B]
	(No symbol) [0x00007FF7EB2B6518]
	(No symbol) [0x00007FF7EB2B1ADD]
	(No symbol) [0x00007FF7EB3052D8]
	(No symbol) [0x00007FF7EB3048B0]
	(No symbol) [0x00007FF7EB2F7153]
	(No symbol) [0x00007FF7EB2C0421]
	(No symbol) [0x00007FF7EB2C11B3]
	GetHandleVerifier [0x00007FF7EB7AD74D+3223469]
	GetHandleVerifier [0x00007FF7EB7A7CF2+3200338]
	GetHandleVerifier [0x00007FF7EB7C5B23+3322755]
	GetHandleVerifier [0x00007FF7EB4C6A3A+180890]
	GetHandleVerifier [0x00007FF7EB4CE13F+211359]
	GetHandleVerifier [0x00007FF7EB4B52B4+109332]
	GetHandleVerifier [0x00007FF7EB4B5462+109762]
	GetHandleVerifier [0x00007FF7EB49BA79+4825]
	BaseThreadInitThunk [0x00007FFF02E2E8D7+23]
	RtlUserThreadStart [0x00007FFF0375C34C+44]

	at java.base/jdk.internal.reflect.NativeConstructorAccessorImpl.newInstance0(Native Method)
	at java.base/jdk.internal.reflect.NativeConstructorAccessorImpl.newInstance(NativeConstructorAccessorImpl.java:78)
	at java.base/jdk.internal.reflect.DelegatingConstructorAccessorImpl.newInstance(DelegatingConstructorAccessorImpl.java:45)
	at java.base/java.lang.reflect.Constructor.newInstanceWithCaller(Constructor.java:499)
	at java.base/java.lang.reflect.Constructor.newInstance(Constructor.java:480)
	at org.openqa.selenium.remote.W3CHandshakeResponse.lambda$new$0(W3CHandshakeResponse.java:57)
	at org.openqa.selenium.remote.W3CHandshakeResponse.lambda$getResponseFunction$2(W3CHandshakeResponse.java:104)
	at org.openqa.selenium.remote.ProtocolHandshake.lambda$createSession$0(ProtocolHandshake.java:123)
	at java.base/java.util.stream.ReferencePipeline$3$1.accept(ReferencePipeline.java:197)
	at java.base/java.util.Spliterators$ArraySpliterator.tryAdvance(Spliterators.java:958)
	at java.base/java.util.stream.ReferencePipeline.forEachWithCancel(ReferencePipeline.java:129)
	at java.base/java.util.stream.AbstractPipeline.copyIntoWithCancel(AbstractPipeline.java:502)
	at java.base/java.util.stream.AbstractPipeline.copyInto(AbstractPipeline.java:488)
	at java.base/java.util.stream.AbstractPipeline.wrapAndCopyInto(AbstractPipeline.java:474)
	at java.base/java.util.stream.FindOps$FindOp.evaluateSequential(FindOps.java:150)
	at java.base/java.util.stream.AbstractPipeline.evaluate(AbstractPipeline.java:234)
	at java.base/java.util.stream.ReferencePipeline.findFirst(ReferencePipeline.java:647)
	at org.openqa.selenium.remote.ProtocolHandshake.createSession(ProtocolHandshake.java:126)
	at org.openqa.selenium.remote.ProtocolHandshake.createSession(ProtocolHandshake.java:73)
	at org.openqa.selenium.remote.HttpCommandExecutor.execute(HttpCommandExecutor.java:142)
	at org.openqa.selenium.remote.service.DriverCommandExecutor.execute(DriverCommandExecutor.java:83)
	at org.openqa.selenium.remote.RemoteWebDriver.execute(RemoteWebDriver.java:600)
	at org.openqa.selenium.remote.RemoteWebDriver.startSession(RemoteWebDriver.java:219)
	at org.openqa.selenium.remote.RemoteWebDriver.&lt;init&gt;(RemoteWebDriver.java:142)
	at org.openqa.selenium.chrome.ChromeDriver.&lt;init&gt;(ChromeDriver.java:181)
	at org.openqa.selenium.chrome.ChromeDriver.&lt;init&gt;(ChromeDriver.java:168)
	at org.openqa.selenium.chrome.ChromeDriver.&lt;init&gt;(ChromeDriver.java:123)
	at pk1.Demotest.mygivenlogin(Demotest.java:25)
	at âœ½.user is Login page(file:///C:/Users/PRITI/Documents/Automation%20Test/bddfinal-main/bddfinal-main/src/test/resources/features/demo.feature:16)

  When user enter credentials        # pk1.Demotest.mywhencredentials()
  Then home page should be displayed # pk1.Demotest.homepage()
  Then add &quot;Nexus 6&quot; to carts        # pk1.Demotest.addmob_fromexample(java.lang.String)
</system-out>
    <system-err>Starting ChromeDriver 136.0.7103.94 (fa0be0b33debeb378a8e6ad9c599be34e2dc3b37-refs/branch-heads/7103@{#1842}) on port 45711
Only local connections are allowed.
Please see https://chromedriver.chromium.org/security-considerations for suggestions on keeping ChromeDriver safe.
ChromeDriver was started successfully on port 45711.
</system-err>
  </testcase>
</testsuite>